./function_volume/Session1/Sub_001/wrANS_LOC_S_02.rest.nii.gz --------------------> bids/sub-001/ses-001/func/sub-001_ses-001_task-rest_bold.nii.gz
./structure_volume/Session1/Sub_001/T1_to_MNI_nonlin.nii.gz --------------------> bids/sub-001/ses-001/anat/sub-001_ses-001_T1w.nii.gz
./function_volume/Session1/Sub_002/wrANS_LOC_S_03.rest.nii.gz --------------------> bids/sub-002/ses-001/func/sub-002_ses-001_task-rest_bold.nii.gz
./structure_volume/Session1/Sub_002/T1_to_MNI_nonlin.nii.gz --------------------> bids/sub-002/ses-001/anat/sub-002_ses-001_T1w.nii.gz
./function_volume/Session1/Sub_003/wrANS_MVPA_S_04.rest.nii.gz --------------------> bids/sub-003/ses-001/func/sub-003_ses-001_task-rest_bold.nii.gz
./structure_volume/Session1/Sub_003/T1_to_MNI_nonlin.nii.gz --------------------> bids/sub-003/ses-001/anat/sub-003_ses-001_T1w.nii.gz
./function_volume/Session1/Sub_004/wrANS_MVPA_S_08.rest.nii.gz --------------------> bids/sub-004/ses-001/func/sub-004_ses-001_task-rest_bold.nii.gz
./function_volume/Session2/Sub_004/wrGNGC_S_06.rest.nii.gz --------------------> bids/sub-004/ses-002/func/sub-004_ses-002_task-rest_bold.nii.gz
./structure_volume/Session1/Sub_004/T1_to_MNI_nonlin.nii.gz --------------------> bids/sub-004/ses-001/anat/sub-004_ses-001_T1w.nii.gz
./structure_volume/Session2/Sub_004/T1_to_MNI_nonlin.nii.gz --------------------> bids/sub-004/ses-002/anat/sub-004_ses-002_T1w.nii.gz
./function_volume/Session1/Sub_005/wrANS_MVPA_S_09.rest.nii.gz --------------------> bids/sub-005/ses-001/func/sub-005_ses-001_task-rest_bold.nii.gz
./function_volume/Session2/Sub_005/wrGNGC_S_07.rest.nii.gz --------------------> bids/sub-005/ses-002/func/sub-005_ses-002_task-rest_bold.nii.gz
./structure_volume/Session1/Sub_005/T1_to_MNI_nonlin.nii.gz --------------------> bids/sub-005/ses-001/anat/sub-005_ses-001_T1w.nii.gz
./structure_volume/Session2/Sub_005/T1_to_MNI_nonlin.nii.gz --------------------> bids/sub-005/ses-002/anat/sub-005_ses-002_T1w.nii.gz
./function_volume/Session1/Sub_006/wrANS_MVPA_S_10.rest.nii.gz --------------------> bids/sub-006/ses-001/func/sub-006_ses-001_task-rest_bold.nii.gz
./structure_volume/Session1/Sub_006/T1_to_MNI_nonlin.nii.gz --------------------> bids/sub-006/ses-001/anat/sub-006_ses-001_T1w.nii.gz
./function_volume/Session1/Sub_007/wrANS_MVPA_S_11.rest.nii.gz --------------------> bids/sub-007/ses-001/func/sub-007_ses-001_task-rest_bold.nii.gz
./function_volume/Session2/Sub_007/wrGNGC_S_04.rest.nii.gz --------------------> bids/sub-007/ses-002/func/sub-007_ses-002_task-rest_bold.nii.gz
./structure_volume/Session1/Sub_007/T1_to_MNI_nonlin.nii.gz --------------------> bids/sub-007/ses-001/anat/sub-007_ses-001_T1w.nii.gz
./structure_volume/Session2/Sub_007/T1_to_MNI_nonlin.nii.gz --------------------> bids/sub-007/ses-002/anat/sub-007_ses-002_T1w.nii.gz
./function_volume/Session1/Sub_008/wrANS_MVPA_S_12.rest.nii.gz --------------------> bids/sub-008/ses-001/func/sub-008_ses-001_task-rest_bold.nii.gz
./function_volume/Session2/Sub_008/wrBSYNLOC_03.rest.nii.gz --------------------> bids/sub-008/ses-002/func/sub-008_ses-002_task-rest_bold.nii.gz
./structure_volume/Session1/Sub_008/T1_to_MNI_nonlin.nii.gz --------------------> bids/sub-008/ses-001/anat/sub-008_ses-001_T1w.nii.gz
./structure_volume/Session2/Sub_008/T1_to_MNI_nonlin.nii.gz --------------------> bids/sub-008/ses-002/anat/sub-008_ses-002_T1w.nii.gz
./function_volume/Session1/Sub_009/wrANS_MVPA_S_13.rest.nii.gz --------------------> bids/sub-009/ses-001/func/sub-009_ses-001_task-rest_bold.nii.gz
./structure_volume/Session1/Sub_009/T1_to_MNI_nonlin.nii.gz --------------------> bids/sub-009/ses-001/anat/sub-009_ses-001_T1w.nii.gz
./function_volume/Session1/Sub_010/wrANS_MVPA_S_14.rest.nii.gz --------------------> bids/sub-010/ses-001/func/sub-010_ses-001_task-rest_bold.nii.gz
./function_volume/Session2/Sub_010/wrGNGC_S_12.rest.nii.gz --------------------> bids/sub-010/ses-002/func/sub-010_ses-002_task-rest_bold.nii.gz
./structure_volume/Session1/Sub_010/T1_to_MNI_nonlin.nii.gz --------------------> bids/sub-010/ses-001/anat/sub-010_ses-001_T1w.nii.gz
./structure_volume/Session2/Sub_010/T1_to_MNI_nonlin.nii.gz --------------------> bids/sub-010/ses-002/anat/sub-010_ses-002_T1w.nii.gz
./function_volume/Session1/Sub_011/wrANS_MVPA_S_15.rest.nii.gz --------------------> bids/sub-011/ses-001/func/sub-011_ses-001_task-rest_bold.nii.gz
./function_volume/Session2/Sub_011/wrGNGC_S_08.rest.nii.gz --------------------> bids/sub-011/ses-002/func/sub-011_ses-002_task-rest_bold.nii.gz
./structure_volume/Session1/Sub_011/T1_to_MNI_nonlin.nii.gz --------------------> bids/sub-011/ses-001/anat/sub-011_ses-001_T1w.nii.gz
./structure_volume/Session2/Sub_011/T1_to_MNI_nonlin.nii.gz --------------------> bids/sub-011/ses-002/anat/sub-011_ses-002_T1w.nii.gz
./function_volume/Session1/Sub_012/wrANS_MVPA_S_20.rest.nii.gz --------------------> bids/sub-012/ses-001/func/sub-012_ses-001_task-rest_bold.nii.gz
./structure_volume/Session1/Sub_012/T1_to_MNI_nonlin.nii.gz --------------------> bids/sub-012/ses-001/anat/sub-012_ses-001_T1w.nii.gz
./structure_volume/Session1/Sub_013/T1_to_MNI_nonlin.nii.gz --------------------> bids/sub-013/ses-001/anat/sub-013_ses-001_T1w.nii.gz
./function_volume/Session1/Sub_014/wrBSYN_S_12.rest.nii.gz --------------------> bids/sub-014/ses-001/func/sub-014_ses-001_task-rest_bold.nii.gz
./structure_volume/Session1/Sub_014/T1_to_MNI_nonlin.nii.gz --------------------> bids/sub-014/ses-001/anat/sub-014_ses-001_T1w.nii.gz
./function_volume/Session1/Sub_015/wrBSYN_S_14.rest.nii.gz --------------------> bids/sub-015/ses-001/func/sub-015_ses-001_task-rest_bold.nii.gz
./structure_volume/Session1/Sub_015/T1_to_MNI_nonlin.nii.gz --------------------> bids/sub-015/ses-001/anat/sub-015_ses-001_T1w.nii.gz
./function_volume/Session1/Sub_016/wrBSYN_S_15.rest.nii.gz --------------------> bids/sub-016/ses-001/func/sub-016_ses-001_task-rest_bold.nii.gz
./structure_volume/Session1/Sub_016/T1_to_MNI_nonlin.nii.gz --------------------> bids/sub-016/ses-001/anat/sub-016_ses-001_T1w.nii.gz
./function_volume/Session1/Sub_017/wrBSYN_S_16.rest.nii.gz --------------------> bids/sub-017/ses-001/func/sub-017_ses-001_task-rest_bold.nii.gz
./function_volume/Session2/Sub_017/wrGNGC_S_09.rest.nii.gz --------------------> bids/sub-017/ses-002/func/sub-017_ses-002_task-rest_bold.nii.gz
./structure_volume/Session1/Sub_017/T1_to_MNI_nonlin.nii.gz --------------------> bids/sub-017/ses-001/anat/sub-017_ses-001_T1w.nii.gz
./structure_volume/Session2/Sub_017/T1_to_MNI_nonlin.nii.gz --------------------> bids/sub-017/ses-002/anat/sub-017_ses-002_T1w.nii.gz
./function_volume/Session1/Sub_018/wrBSYN_S_17.rest.nii.gz --------------------> bids/sub-018/ses-001/func/sub-018_ses-001_task-rest_bold.nii.gz
./structure_volume/Session1/Sub_018/T1_to_MNI_nonlin.nii.gz --------------------> bids/sub-018/ses-001/anat/sub-018_ses-001_T1w.nii.gz
./function_volume/Session1/Sub_019/wrBSYN_S_18.rest.nii.gz --------------------> bids/sub-019/ses-001/func/sub-019_ses-001_task-rest_bold.nii.gz
./structure_volume/Session1/Sub_019/T1_to_MNI_nonlin.nii.gz --------------------> bids/sub-019/ses-001/anat/sub-019_ses-001_T1w.nii.gz
./function_volume/Session1/Sub_020/wrBSYN_S_20.rest.nii.gz --------------------> bids/sub-020/ses-001/func/sub-020_ses-001_task-rest_bold.nii.gz
./structure_volume/Session1/Sub_020/T1_to_MNI_nonlin.nii.gz --------------------> bids/sub-020/ses-001/anat/sub-020_ses-001_T1w.nii.gz
./function_volume/Session1/Sub_021/wrBSYN_S_22.rest.nii.gz --------------------> bids/sub-021/ses-001/func/sub-021_ses-001_task-rest_bold.nii.gz
./function_volume/Session2/Sub_021/wrGNGC_S_13.rest.nii.gz --------------------> bids/sub-021/ses-002/func/sub-021_ses-002_task-rest_bold.nii.gz
./structure_volume/Session1/Sub_021/T1_to_MNI_nonlin.nii.gz --------------------> bids/sub-021/ses-001/anat/sub-021_ses-001_T1w.nii.gz
./structure_volume/Session2/Sub_021/T1_to_MNI_nonlin.nii.gz --------------------> bids/sub-021/ses-002/anat/sub-021_ses-002_T1w.nii.gz
./function_volume/Session1/Sub_022/wrBSYNLOC_01_1.rest.nii.gz --------------------> bids/sub-022/ses-001/func/sub-022_ses-001_task-rest_bold.nii.gz
./function_volume/Session2/Sub_022/wrBSYNLOC_01_1.rest.nii.gz --------------------> bids/sub-022/ses-002/func/sub-022_ses-002_task-rest_bold.nii.gz
./structure_volume/Session1/Sub_022/T1_to_MNI_nonlin.nii.gz --------------------> bids/sub-022/ses-001/anat/sub-022_ses-001_T1w.nii.gz
./structure_volume/Session2/Sub_022/T1_to_MNI_nonlin.nii.gz --------------------> bids/sub-022/ses-002/anat/sub-022_ses-002_T1w.nii.gz
./function_volume/Session1/Sub_023/wrBSYNLOC_02_1.rest.nii.gz --------------------> bids/sub-023/ses-001/func/sub-023_ses-001_task-rest_bold.nii.gz
./function_volume/Session2/Sub_023/wrBSYNLOC_02_2.rest.nii.gz --------------------> bids/sub-023/ses-002/func/sub-023_ses-002_task-rest_bold.nii.gz
./structure_volume/Session1/Sub_023/T1_to_MNI_nonlin.nii.gz --------------------> bids/sub-023/ses-001/anat/sub-023_ses-001_T1w.nii.gz
./structure_volume/Session2/Sub_023/T1_to_MNI_nonlin.nii.gz --------------------> bids/sub-023/ses-002/anat/sub-023_ses-002_T1w.nii.gz
./function_volume/Session1/Sub_024/wrBSYNLOC_04_1.rest.nii.gz --------------------> bids/sub-024/ses-001/func/sub-024_ses-001_task-rest_bold.nii.gz
./function_volume/Session2/Sub_024/wrBSYNLOC_04_1.rest.nii.gz --------------------> bids/sub-024/ses-002/func/sub-024_ses-002_task-rest_bold.nii.gz
./structure_volume/Session1/Sub_024/T1_to_MNI_nonlin.nii.gz --------------------> bids/sub-024/ses-001/anat/sub-024_ses-001_T1w.nii.gz
./structure_volume/Session2/Sub_024/T1_to_MNI_nonlin.nii.gz --------------------> bids/sub-024/ses-002/anat/sub-024_ses-002_T1w.nii.gz
./function_volume/Session1/Sub_025/wrBSYNLOC_05.rest.nii.gz --------------------> bids/sub-025/ses-001/func/sub-025_ses-001_task-rest_bold.nii.gz
./structure_volume/Session1/Sub_025/T1_to_MNI_nonlin.nii.gz --------------------> bids/sub-025/ses-001/anat/sub-025_ses-001_T1w.nii.gz
./function_volume/Session1/Sub_026/wrBSYNLOC_06_1.rest.nii.gz --------------------> bids/sub-026/ses-001/func/sub-026_ses-001_task-rest_bold.nii.gz
./function_volume/Session2/Sub_026/wrBSYNLOC_06_1.rest.nii.gz --------------------> bids/sub-026/ses-002/func/sub-026_ses-002_task-rest_bold.nii.gz
./structure_volume/Session1/Sub_026/T1_to_MNI_nonlin.nii.gz --------------------> bids/sub-026/ses-001/anat/sub-026_ses-001_T1w.nii.gz
./structure_volume/Session2/Sub_026/T1_to_MNI_nonlin.nii.gz --------------------> bids/sub-026/ses-002/anat/sub-026_ses-002_T1w.nii.gz
./function_volume/Session1/Sub_027/wrBSYNLOC_07_1.rest.nii.gz --------------------> bids/sub-027/ses-001/func/sub-027_ses-001_task-rest_bold.nii.gz
./function_volume/Session2/Sub_027/wrBSYNLOC_07_1.rest.nii.gz --------------------> bids/sub-027/ses-002/func/sub-027_ses-002_task-rest_bold.nii.gz
./structure_volume/Session1/Sub_027/T1_to_MNI_nonlin.nii.gz --------------------> bids/sub-027/ses-001/anat/sub-027_ses-001_T1w.nii.gz
./structure_volume/Session2/Sub_027/T1_to_MNI_nonlin.nii.gz --------------------> bids/sub-027/ses-002/anat/sub-027_ses-002_T1w.nii.gz
./function_volume/Session1/Sub_028/wrBSYNLOC_08.rest.nii.gz --------------------> bids/sub-028/ses-001/func/sub-028_ses-001_task-rest_bold.nii.gz
./structure_volume/Session1/Sub_028/T1_to_MNI_nonlin.nii.gz --------------------> bids/sub-028/ses-001/anat/sub-028_ses-001_T1w.nii.gz
./function_volume/Session1/Sub_029/wrBSYNLOC_09.rest.nii.gz --------------------> bids/sub-029/ses-001/func/sub-029_ses-001_task-rest_bold.nii.gz
./structure_volume/Session1/Sub_029/T1_to_MNI_nonlin.nii.gz --------------------> bids/sub-029/ses-001/anat/sub-029_ses-001_T1w.nii.gz
./function_volume/Session1/Sub_030/wrBSYNLOC_10.rest.nii.gz --------------------> bids/sub-030/ses-001/func/sub-030_ses-001_task-rest_bold.nii.gz
./structure_volume/Session1/Sub_030/T1_to_MNI_nonlin.nii.gz --------------------> bids/sub-030/ses-001/anat/sub-030_ses-001_T1w.nii.gz
./function_volume/Session1/Sub_031/wrBSYNLOC_11.rest.nii.gz --------------------> bids/sub-031/ses-001/func/sub-031_ses-001_task-rest_bold.nii.gz
./structure_volume/Session1/Sub_031/T1_to_MNI_nonlin.nii.gz --------------------> bids/sub-031/ses-001/anat/sub-031_ses-001_T1w.nii.gz
./function_volume/Session1/Sub_032/wrBSYNLOC_12.rest.nii.gz --------------------> bids/sub-032/ses-001/func/sub-032_ses-001_task-rest_bold.nii.gz
./structure_volume/Session1/Sub_032/T1_to_MNI_nonlin.nii.gz --------------------> bids/sub-032/ses-001/anat/sub-032_ses-001_T1w.nii.gz
./function_volume/Session1/Sub_033/wrBSYNLOC_13.rest.nii.gz --------------------> bids/sub-033/ses-001/func/sub-033_ses-001_task-rest_bold.nii.gz
./structure_volume/Session1/Sub_033/T1_to_MNI_nonlin.nii.gz --------------------> bids/sub-033/ses-001/anat/sub-033_ses-001_T1w.nii.gz
./function_volume/Session1/Sub_034/wrBSYNLOC_14.rest.nii.gz --------------------> bids/sub-034/ses-001/func/sub-034_ses-001_task-rest_bold.nii.gz
./structure_volume/Session1/Sub_034/T1_to_MNI_nonlin.nii.gz --------------------> bids/sub-034/ses-001/anat/sub-034_ses-001_T1w.nii.gz
./function_volume/Session1/Sub_035/wrBSYNLOC_15_1.rest.nii.gz --------------------> bids/sub-035/ses-001/func/sub-035_ses-001_task-rest_bold.nii.gz
./function_volume/Session2/Sub_035/wrBSYNLOC_15_2.rest.nii.gz --------------------> bids/sub-035/ses-002/func/sub-035_ses-002_task-rest_bold.nii.gz
./structure_volume/Session1/Sub_035/T1_to_MNI_nonlin.nii.gz --------------------> bids/sub-035/ses-001/anat/sub-035_ses-001_T1w.nii.gz
./structure_volume/Session2/Sub_035/T1_to_MNI_nonlin.nii.gz --------------------> bids/sub-035/ses-002/anat/sub-035_ses-002_T1w.nii.gz
./function_volume/Session1/Sub_036/wrGNGC_S_01.rest.nii.gz --------------------> bids/sub-036/ses-001/func/sub-036_ses-001_task-rest_bold.nii.gz
./structure_volume/Session1/Sub_036/T1_to_MNI_nonlin.nii.gz --------------------> bids/sub-036/ses-001/anat/sub-036_ses-001_T1w.nii.gz
./function_volume/Session1/Sub_037/wrGNGC_S_02.rest.nii.gz --------------------> bids/sub-037/ses-001/func/sub-037_ses-001_task-rest_bold.nii.gz
./structure_volume/Session1/Sub_037/T1_to_MNI_nonlin.nii.gz --------------------> bids/sub-037/ses-001/anat/sub-037_ses-001_T1w.nii.gz
./function_volume/Session1/Sub_038/wrGNGC_S_05.rest.nii.gz --------------------> bids/sub-038/ses-001/func/sub-038_ses-001_task-rest_bold.nii.gz
./structure_volume/Session1/Sub_038/T1_to_MNI_nonlin.nii.gz --------------------> bids/sub-038/ses-001/anat/sub-038_ses-001_T1w.nii.gz
./function_volume/Session1/Sub_039/wrGNGC_S_10.rest.nii.gz --------------------> bids/sub-039/ses-001/func/sub-039_ses-001_task-rest_bold.nii.gz
./structure_volume/Session1/Sub_039/T1_to_MNI_nonlin.nii.gz --------------------> bids/sub-039/ses-001/anat/sub-039_ses-001_T1w.nii.gz
./function_volume/Session1/Sub_040/wrGNGC_S_14.rest.nii.gz --------------------> bids/sub-040/ses-001/func/sub-040_ses-001_task-rest_bold.nii.gz
./structure_volume/Session1/Sub_040/T1_to_MNI_nonlin.nii.gz --------------------> bids/sub-040/ses-001/anat/sub-040_ses-001_T1w.nii.gz
./function_volume/Session1/Sub_041/wrGNGC_S_15.rest.nii.gz --------------------> bids/sub-041/ses-001/func/sub-041_ses-001_task-rest_bold.nii.gz
./structure_volume/Session1/Sub_041/T1_to_MNI_nonlin.nii.gz --------------------> bids/sub-041/ses-001/anat/sub-041_ses-001_T1w.nii.gz
./function_volume/Session1/Sub_042/wrGNGC_S_16.rest.nii.gz --------------------> bids/sub-042/ses-001/func/sub-042_ses-001_task-rest_bold.nii.gz
./structure_volume/Session1/Sub_042/T1_to_MNI_nonlin.nii.gz --------------------> bids/sub-042/ses-001/anat/sub-042_ses-001_T1w.nii.gz
./function_volume/Session1/Sub_043/wrGNGC_S_18.rest.nii.gz --------------------> bids/sub-043/ses-001/func/sub-043_ses-001_task-rest_bold.nii.gz
./structure_volume/Session1/Sub_043/T1_to_MNI_nonlin.nii.gz --------------------> bids/sub-043/ses-001/anat/sub-043_ses-001_T1w.nii.gz
./function_volume/Session1/Sub_044/wrGNGC_S_19.rest.nii.gz --------------------> bids/sub-044/ses-001/func/sub-044_ses-001_task-rest_bold.nii.gz
./structure_volume/Session1/Sub_044/T1_to_MNI_nonlin.nii.gz --------------------> bids/sub-044/ses-001/anat/sub-044_ses-001_T1w.nii.gz
./function_volume/Session1/Sub_045/wrGNGC_S_20.rest.nii.gz --------------------> bids/sub-045/ses-001/func/sub-045_ses-001_task-rest_bold.nii.gz
./structure_volume/Session1/Sub_045/T1_to_MNI_nonlin.nii.gz --------------------> bids/sub-045/ses-001/anat/sub-045_ses-001_T1w.nii.gz
./function_volume/Session1/Sub_046/wrGNGC_S_21.rest.nii.gz --------------------> bids/sub-046/ses-001/func/sub-046_ses-001_task-rest_bold.nii.gz
./structure_volume/Session1/Sub_046/T1_to_MNI_nonlin.nii.gz --------------------> bids/sub-046/ses-001/anat/sub-046_ses-001_T1w.nii.gz
./function_volume/Session1/Sub_047/wrGNGC_S_22.rest.nii.gz --------------------> bids/sub-047/ses-001/func/sub-047_ses-001_task-rest_bold.nii.gz
./structure_volume/Session1/Sub_047/T1_to_MNI_nonlin.nii.gz --------------------> bids/sub-047/ses-001/anat/sub-047_ses-001_T1w.nii.gz
./function_volume/Session1/Sub_048/wrGNGC_S_23.rest.nii.gz --------------------> bids/sub-048/ses-001/func/sub-048_ses-001_task-rest_bold.nii.gz
./structure_volume/Session1/Sub_048/T1_to_MNI_nonlin.nii.gz --------------------> bids/sub-048/ses-001/anat/sub-048_ses-001_T1w.nii.gz
./function_volume/Session1/Sub_049/wrGNGC_S_25.rest.nii.gz --------------------> bids/sub-049/ses-001/func/sub-049_ses-001_task-rest_bold.nii.gz
./structure_volume/Session1/Sub_049/T1_to_MNI_nonlin.nii.gz --------------------> bids/sub-049/ses-001/anat/sub-049_ses-001_T1w.nii.gz
./function_volume/Session1/Sub_050/wrGNGC_S_26.rest.nii.gz --------------------> bids/sub-050/ses-001/func/sub-050_ses-001_task-rest_bold.nii.gz
./structure_volume/Session1/Sub_050/T1_to_MNI_nonlin.nii.gz --------------------> bids/sub-050/ses-001/anat/sub-050_ses-001_T1w.nii.gz
./function_volume/Session1/Sub_051/wrGNGC_S_27.rest.nii.gz --------------------> bids/sub-051/ses-001/func/sub-051_ses-001_task-rest_bold.nii.gz
./structure_volume/Session1/Sub_051/T1_to_MNI_nonlin.nii.gz --------------------> bids/sub-051/ses-001/anat/sub-051_ses-001_T1w.nii.gz
./function_volume/Session1/Sub_052/wrANS_MVPA_CB_15.rest.nii.gz --------------------> bids/sub-052/ses-001/func/sub-052_ses-001_task-rest_bold.nii.gz
./function_volume/Session2/Sub_052/wrGNGC_CB_15.rest.nii.gz --------------------> bids/sub-052/ses-002/func/sub-052_ses-002_task-rest_bold.nii.gz
./structure_volume/Session1/Sub_052/T1_to_MNI_nonlin.nii.gz --------------------> bids/sub-052/ses-001/anat/sub-052_ses-001_T1w.nii.gz
./structure_volume/Session2/Sub_052/T1_to_MNI_nonlin.nii.gz --------------------> bids/sub-052/ses-002/anat/sub-052_ses-002_T1w.nii.gz
./function_volume/Session1/Sub_053/wrBSYN_CB_04.rest.nii.gz --------------------> bids/sub-053/ses-001/func/sub-053_ses-001_task-rest_bold.nii.gz
./function_volume/Session2/Sub_053/wrANS_MVPA_CB_12.rest.nii.gz --------------------> bids/sub-053/ses-002/func/sub-053_ses-002_task-rest_bold.nii.gz
./function_volume/Session3/Sub_053/wrGNGC_CB_17.rest.nii.gz --------------------> bids/sub-053/ses-003/func/sub-053_ses-003_task-rest_bold.nii.gz
./structure_volume/Session1/Sub_053/T1_to_MNI_nonlin.nii.gz --------------------> bids/sub-053/ses-001/anat/sub-053_ses-001_T1w.nii.gz
./structure_volume/Session2/Sub_053/T1_to_MNI_nonlin.nii.gz --------------------> bids/sub-053/ses-002/anat/sub-053_ses-002_T1w.nii.gz
./structure_volume/Session3/Sub_053/T1_to_MNI_nonlin.nii.gz --------------------> bids/sub-053/ses-003/anat/sub-053_ses-003_T1w.nii.gz
./function_volume/Session1/Sub_054/wrBSYN_CB_08.rest.nii.gz --------------------> bids/sub-054/ses-001/func/sub-054_ses-001_task-rest_bold.nii.gz
./function_volume/Session2/Sub_054/wrANS_MVPA_CB_09.rest.nii.gz --------------------> bids/sub-054/ses-002/func/sub-054_ses-002_task-rest_bold.nii.gz
./structure_volume/Session1/Sub_054/T1_to_MNI_nonlin.nii.gz --------------------> bids/sub-054/ses-001/anat/sub-054_ses-001_T1w.nii.gz
./structure_volume/Session2/Sub_054/T1_to_MNI_nonlin.nii.gz --------------------> bids/sub-054/ses-002/anat/sub-054_ses-002_T1w.nii.gz
./function_volume/Session1/Sub_055/wrBSYN_CB_09.rest.nii.gz --------------------> bids/sub-055/ses-001/func/sub-055_ses-001_task-rest_bold.nii.gz
./structure_volume/Session1/Sub_055/T1_to_MNI_nonlin.nii.gz --------------------> bids/sub-055/ses-001/anat/sub-055_ses-001_T1w.nii.gz
./function_volume/Session1/Sub_056/wrBSYN_CB_11.rest.nii.gz --------------------> bids/sub-056/ses-001/func/sub-056_ses-001_task-rest_bold.nii.gz
./function_volume/Session2/Sub_056/wrANS_MVPA_CB_04.rest.nii.gz --------------------> bids/sub-056/ses-002/func/sub-056_ses-002_task-rest_bold.nii.gz
./function_volume/Session3/Sub_056/wrGNGC_CB_04.rest.nii.gz --------------------> bids/sub-056/ses-003/func/sub-056_ses-003_task-rest_bold.nii.gz
./structure_volume/Session1/Sub_056/T1_to_MNI_nonlin.nii.gz --------------------> bids/sub-056/ses-001/anat/sub-056_ses-001_T1w.nii.gz
./structure_volume/Session2/Sub_056/T1_to_MNI_nonlin.nii.gz --------------------> bids/sub-056/ses-002/anat/sub-056_ses-002_T1w.nii.gz
./structure_volume/Session3/Sub_056/T1_to_MNI_nonlin.nii.gz --------------------> bids/sub-056/ses-003/anat/sub-056_ses-003_T1w.nii.gz
./function_volume/Session1/Sub_057/wrBSYN_CB_13.rest.nii.gz --------------------> bids/sub-057/ses-001/func/sub-057_ses-001_task-rest_bold.nii.gz
./function_volume/Session2/Sub_057/wrANS_MVPA_CB_01.rest.nii.gz --------------------> bids/sub-057/ses-002/func/sub-057_ses-002_task-rest_bold.nii.gz
./function_volume/Session3/Sub_057/wrGNGC_CB_03.rest.nii.gz --------------------> bids/sub-057/ses-003/func/sub-057_ses-003_task-rest_bold.nii.gz
./structure_volume/Session1/Sub_057/T1_to_MNI_nonlin.nii.gz --------------------> bids/sub-057/ses-001/anat/sub-057_ses-001_T1w.nii.gz
./structure_volume/Session2/Sub_057/T1_to_MNI_nonlin.nii.gz --------------------> bids/sub-057/ses-002/anat/sub-057_ses-002_T1w.nii.gz
./structure_volume/Session3/Sub_057/T1_to_MNI_nonlin.nii.gz --------------------> bids/sub-057/ses-003/anat/sub-057_ses-003_T1w.nii.gz
./function_volume/Session1/Sub_058/wrBSYN_CB_14.rest.nii.gz --------------------> bids/sub-058/ses-001/func/sub-058_ses-001_task-rest_bold.nii.gz
./function_volume/Session2/Sub_058/wrANS_MVPA_CB_06.rest.nii.gz --------------------> bids/sub-058/ses-002/func/sub-058_ses-002_task-rest_bold.nii.gz
./function_volume/Session3/Sub_058/wrGNGC_CB_08.rest.nii.gz --------------------> bids/sub-058/ses-003/func/sub-058_ses-003_task-rest_bold.nii.gz
./structure_volume/Session1/Sub_058/T1_to_MNI_nonlin.nii.gz --------------------> bids/sub-058/ses-001/anat/sub-058_ses-001_T1w.nii.gz
./structure_volume/Session2/Sub_058/T1_to_MNI_nonlin.nii.gz --------------------> bids/sub-058/ses-002/anat/sub-058_ses-002_T1w.nii.gz
./structure_volume/Session3/Sub_058/T1_to_MNI_nonlin.nii.gz --------------------> bids/sub-058/ses-003/anat/sub-058_ses-003_T1w.nii.gz
./function_volume/Session1/Sub_059/wrBSYN_CB_15.rest.nii.gz --------------------> bids/sub-059/ses-001/func/sub-059_ses-001_task-rest_bold.nii.gz
./structure_volume/Session1/Sub_059/T1_to_MNI_nonlin.nii.gz --------------------> bids/sub-059/ses-001/anat/sub-059_ses-001_T1w.nii.gz
./function_volume/Session1/Sub_060/wrBSYN_CB_16.rest.nii.gz --------------------> bids/sub-060/ses-001/func/sub-060_ses-001_task-rest_bold.nii.gz
./structure_volume/Session1/Sub_060/T1_to_MNI_nonlin.nii.gz --------------------> bids/sub-060/ses-001/anat/sub-060_ses-001_T1w.nii.gz
./function_volume/Session1/Sub_061/wrBSYN_CB_17.rest.nii.gz --------------------> bids/sub-061/ses-001/func/sub-061_ses-001_task-rest_bold.nii.gz
./structure_volume/Session1/Sub_061/T1_to_MNI_nonlin.nii.gz --------------------> bids/sub-061/ses-001/anat/sub-061_ses-001_T1w.nii.gz
./function_volume/Session1/Sub_062/wrBSYN_CB_19.rest.nii.gz --------------------> bids/sub-062/ses-001/func/sub-062_ses-001_task-rest_bold.nii.gz
./structure_volume/Session1/Sub_062/T1_to_MNI_nonlin.nii.gz --------------------> bids/sub-062/ses-001/anat/sub-062_ses-001_T1w.nii.gz
./function_volume/Session1/Sub_063/wrBSYN_CB_20.rest.nii.gz --------------------> bids/sub-063/ses-001/func/sub-063_ses-001_task-rest_bold.nii.gz
./function_volume/Session2/Sub_063/wrANS_MVPA_CB_17.rest.nii.gz --------------------> bids/sub-063/ses-002/func/sub-063_ses-002_task-rest_bold.nii.gz
./function_volume/Session3/Sub_063/wrGNGC_CB_16.rest.nii.gz --------------------> bids/sub-063/ses-003/func/sub-063_ses-003_task-rest_bold.nii.gz
./structure_volume/Session1/Sub_063/T1_to_MNI_nonlin.nii.gz --------------------> bids/sub-063/ses-001/anat/sub-063_ses-001_T1w.nii.gz
./structure_volume/Session2/Sub_063/T1_to_MNI_nonlin.nii.gz --------------------> bids/sub-063/ses-002/anat/sub-063_ses-002_T1w.nii.gz
./structure_volume/Session3/Sub_063/T1_to_MNI_nonlin.nii.gz --------------------> bids/sub-063/ses-003/anat/sub-063_ses-003_T1w.nii.gz
./function_volume/Session1/Sub_064/wrBSYN_CB_21.rest.nii.gz --------------------> bids/sub-064/ses-001/func/sub-064_ses-001_task-rest_bold.nii.gz
./structure_volume/Session1/Sub_064/T1_to_MNI_nonlin.nii.gz --------------------> bids/sub-064/ses-001/anat/sub-064_ses-001_T1w.nii.gz
./function_volume/Session1/Sub_065/wrBSYN_CB_29.rest.nii.gz --------------------> bids/sub-065/ses-001/func/sub-065_ses-001_task-rest_bold.nii.gz
./structure_volume/Session1/Sub_065/T1_to_MNI_nonlin.nii.gz --------------------> bids/sub-065/ses-001/anat/sub-065_ses-001_T1w.nii.gz
./function_volume/Session1/Sub_066/wrBSYN_CB_30.rest.nii.gz --------------------> bids/sub-066/ses-001/func/sub-066_ses-001_task-rest_bold.nii.gz
./structure_volume/Session1/Sub_066/T1_to_MNI_nonlin.nii.gz --------------------> bids/sub-066/ses-001/anat/sub-066_ses-001_T1w.nii.gz
./function_volume/Session1/Sub_067/wrBSYN_CB_31.rest.nii.gz --------------------> bids/sub-067/ses-001/func/sub-067_ses-001_task-rest_bold.nii.gz
./structure_volume/Session1/Sub_067/T1_to_MNI_nonlin.nii.gz --------------------> bids/sub-067/ses-001/anat/sub-067_ses-001_T1w.nii.gz
./function_volume/Session1/Sub_068/wrGNGC_CB_02.rest.nii.gz --------------------> bids/sub-068/ses-001/func/sub-068_ses-001_task-rest_bold.nii.gz
./structure_volume/Session1/Sub_068/T1_to_MNI_nonlin.nii.gz --------------------> bids/sub-068/ses-001/anat/sub-068_ses-001_T1w.nii.gz
./function_volume/Session1/Sub_069/wrGNGC_CB_06.rest.nii.gz --------------------> bids/sub-069/ses-001/func/sub-069_ses-001_task-rest_bold.nii.gz
./function_volume/Session2/Sub_069/wrANS_MVPA_CB_05.rest.nii.gz --------------------> bids/sub-069/ses-002/func/sub-069_ses-002_task-rest_bold.nii.gz
./function_volume/Session3/Sub_069/wrTMS_CB_31.rest.nii.gz --------------------> bids/sub-069/ses-003/func/sub-069_ses-003_task-rest_bold.nii.gz
./structure_volume/Session1/Sub_069/T1_to_MNI_nonlin.nii.gz --------------------> bids/sub-069/ses-001/anat/sub-069_ses-001_T1w.nii.gz
./structure_volume/Session2/Sub_069/T1_to_MNI_nonlin.nii.gz --------------------> bids/sub-069/ses-002/anat/sub-069_ses-002_T1w.nii.gz
./structure_volume/Session3/Sub_069/T1_to_MNI_nonlin.nii.gz --------------------> bids/sub-069/ses-003/anat/sub-069_ses-003_T1w.nii.gz
./function_volume/Session1/Sub_070/wrGNGC_CB_07.rest.nii.gz --------------------> bids/sub-070/ses-001/func/sub-070_ses-001_task-rest_bold.nii.gz
./function_volume/Session2/Sub_070/wrANS_MVPA_CB_07.rest.nii.gz --------------------> bids/sub-070/ses-002/func/sub-070_ses-002_task-rest_bold.nii.gz
./function_volume/Session3/Sub_070/wrBSYN_CB_23_1.rest.nii.gz --------------------> bids/sub-070/ses-003/func/sub-070_ses-003_task-rest_bold.nii.gz
./function_volume/Session4/Sub_070/wrBSYN_CB_23_2.rest.nii.gz --------------------> bids/sub-070/ses-004/func/sub-070_ses-004_task-rest_bold.nii.gz
./structure_volume/Session1/Sub_070/T1_to_MNI_nonlin.nii.gz --------------------> bids/sub-070/ses-001/anat/sub-070_ses-001_T1w.nii.gz
./structure_volume/Session2/Sub_070/T1_to_MNI_nonlin.nii.gz --------------------> bids/sub-070/ses-002/anat/sub-070_ses-002_T1w.nii.gz
./structure_volume/Session3/Sub_070/T1_to_MNI_nonlin.nii.gz --------------------> bids/sub-070/ses-003/anat/sub-070_ses-003_T1w.nii.gz
./structure_volume/Session4/Sub_070/T1_to_MNI_nonlin.nii.gz --------------------> bids/sub-070/ses-004/anat/sub-070_ses-004_T1w.nii.gz
./function_volume/Session1/Sub_071/wrGNGC_CB_09.rest.nii.gz --------------------> bids/sub-071/ses-001/func/sub-071_ses-001_task-rest_bold.nii.gz
./function_volume/Session2/Sub_071/wrANS_MVPA_CB_08.rest.nii.gz --------------------> bids/sub-071/ses-002/func/sub-071_ses-002_task-rest_bold.nii.gz
./function_volume/Session3/Sub_071/wrTMS_CB_32.rest.nii.gz --------------------> bids/sub-071/ses-003/func/sub-071_ses-003_task-rest_bold.nii.gz
./structure_volume/Session1/Sub_071/T1_to_MNI_nonlin.nii.gz --------------------> bids/sub-071/ses-001/anat/sub-071_ses-001_T1w.nii.gz
./structure_volume/Session2/Sub_071/T1_to_MNI_nonlin.nii.gz --------------------> bids/sub-071/ses-002/anat/sub-071_ses-002_T1w.nii.gz
./structure_volume/Session3/Sub_071/T1_to_MNI_nonlin.nii.gz --------------------> bids/sub-071/ses-003/anat/sub-071_ses-003_T1w.nii.gz
./function_volume/Session1/Sub_072/wrGNGC_CB_10.rest.nii.gz --------------------> bids/sub-072/ses-001/func/sub-072_ses-001_task-rest_bold.nii.gz
./function_volume/Session2/Sub_072/wrANS_MVPA_CB_10.rest.nii.gz --------------------> bids/sub-072/ses-002/func/sub-072_ses-002_task-rest_bold.nii.gz
./structure_volume/Session1/Sub_072/T1_to_MNI_nonlin.nii.gz --------------------> bids/sub-072/ses-001/anat/sub-072_ses-001_T1w.nii.gz
./structure_volume/Session2/Sub_072/T1_to_MNI_nonlin.nii.gz --------------------> bids/sub-072/ses-002/anat/sub-072_ses-002_T1w.nii.gz
./function_volume/Session1/Sub_073/wrGNGC_CB_11.rest.nii.gz --------------------> bids/sub-073/ses-001/func/sub-073_ses-001_task-rest_bold.nii.gz
./function_volume/Session2/Sub_073/wrANS_MVPA_CB_11.rest.nii.gz --------------------> bids/sub-073/ses-002/func/sub-073_ses-002_task-rest_bold.nii.gz
./structure_volume/Session1/Sub_073/T1_to_MNI_nonlin.nii.gz --------------------> bids/sub-073/ses-001/anat/sub-073_ses-001_T1w.nii.gz
./structure_volume/Session2/Sub_073/T1_to_MNI_nonlin.nii.gz --------------------> bids/sub-073/ses-002/anat/sub-073_ses-002_T1w.nii.gz
./function_volume/Session1/Sub_074/wrGNGC_CB_12.rest.nii.gz --------------------> bids/sub-074/ses-001/func/sub-074_ses-001_task-rest_bold.nii.gz
./function_volume/Session2/Sub_074/wrANS_MVPA_CB_13.rest.nii.gz --------------------> bids/sub-074/ses-002/func/sub-074_ses-002_task-rest_bold.nii.gz
./structure_volume/Session1/Sub_074/T1_to_MNI_nonlin.nii.gz --------------------> bids/sub-074/ses-001/anat/sub-074_ses-001_T1w.nii.gz
./structure_volume/Session2/Sub_074/T1_to_MNI_nonlin.nii.gz --------------------> bids/sub-074/ses-002/anat/sub-074_ses-002_T1w.nii.gz
./function_volume/Session1/Sub_075/wrGNGC_CB_13.rest.nii.gz --------------------> bids/sub-075/ses-001/func/sub-075_ses-001_task-rest_bold.nii.gz
./function_volume/Session2/Sub_075/wrANS_MVPA_CB_14.rest.nii.gz --------------------> bids/sub-075/ses-002/func/sub-075_ses-002_task-rest_bold.nii.gz
./structure_volume/Session1/Sub_075/T1_to_MNI_nonlin.nii.gz --------------------> bids/sub-075/ses-001/anat/sub-075_ses-001_T1w.nii.gz
./structure_volume/Session2/Sub_075/T1_to_MNI_nonlin.nii.gz --------------------> bids/sub-075/ses-002/anat/sub-075_ses-002_T1w.nii.gz
./function_volume/Session1/Sub_076/wrGNGC_CB_14.rest.nii.gz --------------------> bids/sub-076/ses-001/func/sub-076_ses-001_task-rest_bold.nii.gz
./function_volume/Session2/Sub_076/wrANS_MVPA_CB_16_1.rest.nii.gz --------------------> bids/sub-076/ses-002/func/sub-076_ses-002_task-rest_bold.nii.gz
./function_volume/Session3/Sub_076/wrANS_MVPA_CB_16_2.rest.nii.gz --------------------> bids/sub-076/ses-003/func/sub-076_ses-003_task-rest_bold.nii.gz
./structure_volume/Session1/Sub_076/T1_to_MNI_nonlin.nii.gz --------------------> bids/sub-076/ses-001/anat/sub-076_ses-001_T1w.nii.gz
./structure_volume/Session2/Sub_076/T1_to_MNI_nonlin.nii.gz --------------------> bids/sub-076/ses-002/anat/sub-076_ses-002_T1w.nii.gz
./structure_volume/Session3/Sub_076/T1_to_MNI_nonlin.nii.gz --------------------> bids/sub-076/ses-003/anat/sub-076_ses-003_T1w.nii.gz
./function_volume/Session1/Sub_077/wrGNGC_CB_18.rest.nii.gz --------------------> bids/sub-077/ses-001/func/sub-077_ses-001_task-rest_bold.nii.gz
./structure_volume/Session1/Sub_077/T1_to_MNI_nonlin.nii.gz --------------------> bids/sub-077/ses-001/anat/sub-077_ses-001_T1w.nii.gz
./function_volume/Session1/Sub_078/wrGNGC_CB_19.rest.nii.gz --------------------> bids/sub-078/ses-001/func/sub-078_ses-001_task-rest_bold.nii.gz
./structure_volume/Session1/Sub_078/T1_to_MNI_nonlin.nii.gz --------------------> bids/sub-078/ses-001/anat/sub-078_ses-001_T1w.nii.gz
./function_volume/Session1/Sub_079/wrGNGC_CB_20.rest.nii.gz --------------------> bids/sub-079/ses-001/func/sub-079_ses-001_task-rest_bold.nii.gz
./structure_volume/Session1/Sub_079/T1_to_MNI_nonlin.nii.gz --------------------> bids/sub-079/ses-001/anat/sub-079_ses-001_T1w.nii.gz
./function_volume/Session1/Sub_080/wrGNGC_CB_21.rest.nii.gz --------------------> bids/sub-080/ses-001/func/sub-080_ses-001_task-rest_bold.nii.gz
./structure_volume/Session1/Sub_080/T1_to_MNI_nonlin.nii.gz --------------------> bids/sub-080/ses-001/anat/sub-080_ses-001_T1w.nii.gz
./function_volume/Session1/Sub_081/wrGNGC_CB_22.rest.nii.gz --------------------> bids/sub-081/ses-001/func/sub-081_ses-001_task-rest_bold.nii.gz
./structure_volume/Session1/Sub_081/T1_to_MNI_nonlin.nii.gz --------------------> bids/sub-081/ses-001/anat/sub-081_ses-001_T1w.nii.gz
